<?xml version="1.0" encoding="UTF-8"?>
<!-- Generated by org.testng.reporters.JUnitReportReporter -->
<testsuite hostname="Asteroid" name="edu.cmu.sphinx.decoder.search.test.PartitionerTest" tests="2" failures="0" timestamp="1 Jan 2015 12:55:28 GMT" time="0.171" errors="0">
  <testcase name="testPartitionOrders" time="0.140" classname="edu.cmu.sphinx.decoder.search.test.PartitionerTest"/>
  <testcase name="testPartitionSizes" time="0.031" classname="edu.cmu.sphinx.decoder.search.test.PartitionerTest"/>
</testsuite> <!-- edu.cmu.sphinx.decoder.search.test.PartitionerTest -->
