<?xml version="1.0" encoding="UTF-8"?>
<!-- Generated by org.testng.reporters.JUnitReportReporter -->
<testsuite hostname="Asteroid" name="edu.cmu.sphinx.util.props.ConfigurationManagerTest" tests="6" failures="0" timestamp="1 Jan 2015 12:55:28 GMT" time="0.250" errors="0">
  <testcase name="testSerializeDynamicConfiguration" time="0.000" classname="edu.cmu.sphinx.util.props.ConfigurationManagerTest"/>
  <testcase name="testGetComponentClass" time="0.031" classname="edu.cmu.sphinx.util.props.ConfigurationManagerTest"/>
  <testcase name="testDynamicConfiguruationChange" time="0.094" classname="edu.cmu.sphinx.util.props.ConfigurationManagerTest"/>
  <testcase name="testSerialization" time="0.062" classname="edu.cmu.sphinx.util.props.ConfigurationManagerTest"/>
  <testcase name="testDynamicConfCreation" time="0.047" classname="edu.cmu.sphinx.util.props.ConfigurationManagerTest"/>
  <testcase name="testXmlExtendedConfiguration" time="0.016" classname="edu.cmu.sphinx.util.props.ConfigurationManagerTest"/>
</testsuite> <!-- edu.cmu.sphinx.util.props.ConfigurationManagerTest -->
