<?xml version="1.0" encoding="UTF-8"?>
<!-- Generated by org.testng.reporters.JUnitXMLReporter -->
<testsuite hostname="Asteroid" name="Command line test" tests="94" failures="0" timestamp="1 Jan 2015 12:55:25 GMT" time="17.989" errors="0">
  <testcase name="testArcSort" time="0.031" classname="edu.cmu.sphinx.fst.ArcSortTest"/>
  <testcase name="test8KhzSource" time="0.157" classname="edu.cmu.sphinx.frontend.AudioDataSourcesTest"/>
  <testcase name="testConcatDataSource" time="0.047" classname="edu.cmu.sphinx.frontend.AudioDataSourcesTest"/>
  <testcase name="testSimpleFileSources" time="0.062" classname="edu.cmu.sphinx.frontend.AudioDataSourcesTest"/>
  <testcase name="test" time="0.31" classname="edu.cmu.sphinx.tools.bandwidth.BandDetectorTest"/>
  <testcase name="testForcedAlignerGrammar" time="0.172" classname="edu.cmu.sphinx.linguist.language.grammar.BatchForcedAlignerGrammarTest"/>
  <testcase name="testDefInstance" time="0.016" classname="edu.cmu.sphinx.util.props.ComponentPropertyTest"/>
  <testcase name="testCompose" time="0.031" classname="edu.cmu.sphinx.fst.ComposeEpsilonTest"/>
  <testcase name="testCompose" time="0.063" classname="edu.cmu.sphinx.fst.ComposeTest"/>
  <testcase name="testDynamicConfCreation" time="0.047" classname="edu.cmu.sphinx.util.props.ConfigurationManagerTest"/>
  <testcase name="testDynamicConfiguruationChange" time="0.094" classname="edu.cmu.sphinx.util.props.ConfigurationManagerTest"/>
  <testcase name="testGetComponentClass" time="0.031" classname="edu.cmu.sphinx.util.props.ConfigurationManagerTest"/>
  <testcase name="testSerialization" time="0.062" classname="edu.cmu.sphinx.util.props.ConfigurationManagerTest"/>
  <testcase name="testSerializeDynamicConfiguration" time="0.0" classname="edu.cmu.sphinx.util.props.ConfigurationManagerTest"/>
  <testcase name="testXmlExtendedConfiguration" time="0.016" classname="edu.cmu.sphinx.util.props.ConfigurationManagerTest"/>
  <testcase name="testConnect" time="0.015" classname="edu.cmu.sphinx.fst.ConnectTest"/>
  <testcase name="skipLastSamples on DataBlockerTest" time="0.0" classname="edu.cmu.sphinx.frontend.DataBlockerTest"/>
  <testcase name="testLongInput on DataBlockerTest" time="0.016" classname="edu.cmu.sphinx.frontend.DataBlockerTest"/>
  <testcase name="testUsualInput on DataBlockerTest" time="0.0" classname="edu.cmu.sphinx.frontend.DataBlockerTest"/>
  <testcase name="testDeterminize" time="0.015" classname="edu.cmu.sphinx.fst.DeterminizeTest"/>
  <testcase name="testDictionary" time="0.079" classname="edu.cmu.sphinx.linguist.dictionary.DictionaryTest"/>
  <testcase name="bigramModel" time="0.078" classname="edu.cmu.sphinx.linguist.language.ngram.DynamicTrigramModelTest"/>
  <testcase name="trigramModel" time="0.0" classname="edu.cmu.sphinx.linguist.language.ngram.DynamicTrigramModelTest"/>
  <testcase name="unigramModel" time="0.0" classname="edu.cmu.sphinx.linguist.language.ngram.DynamicTrigramModelTest"/>
  <testcase name="testForcedAlignerGrammar" time="0.015" classname="edu.cmu.sphinx.linguist.language.grammar.FSTGrammarTest"/>
  <testcase name="testElement" time="0.285" classname="edu.cmu.sphinx.frontend.FrontendElementTest"/>
  <testcase name="testElement" time="0.323" classname="edu.cmu.sphinx.frontend.FrontendElementTest"/>
  <testcase name="testElement" time="0.203" classname="edu.cmu.sphinx.frontend.FrontendElementTest"/>
  <testcase name="testElement" time="0.141" classname="edu.cmu.sphinx.frontend.FrontendElementTest"/>
  <testcase name="testElement" time="0.172" classname="edu.cmu.sphinx.frontend.FrontendElementTest"/>
  <testcase name="testElement" time="0.125" classname="edu.cmu.sphinx.frontend.FrontendElementTest"/>
  <testcase name="testElement" time="0.203" classname="edu.cmu.sphinx.frontend.FrontendElementTest"/>
  <testcase name="testConvert" time="0.016" classname="edu.cmu.sphinx.fst.ImportTest"/>
  <testcase name="testNgram" time="0.093" classname="edu.cmu.sphinx.linguist.language.ngram.large.LargeNgramTest"/>
  <testcase name="testLatticeComp" time="14.243" classname="edu.cmu.sphinx.result.LatticeCompTest"/>
  <testcase name="testClone" time="0.0" classname="edu.cmu.sphinx.linguist.acoustic.tiedstate.test.MixtureComponentTest"/>
  <testcase name="testUnivariateDensity" time="0.0" classname="edu.cmu.sphinx.linguist.acoustic.tiedstate.test.MixtureComponentTest"/>
  <testcase name="testUnivariateMeanTransformation" time="0.0" classname="edu.cmu.sphinx.linguist.acoustic.tiedstate.test.MixtureComponentTest"/>
  <testcase name="testNShortestPaths" time="0.032" classname="edu.cmu.sphinx.fst.NShortestPathsTest"/>
  <testcase name="testMultipleEmptyAndNonemptySegments on NonSpeechDataFilterTest" time="0.0" classname="edu.cmu.sphinx.frontend.NonSpeechDataFilterTest"/>
  <testcase name="testMultipleSpeechRegionWithoutMerging on NonSpeechDataFilterTest" time="0.0" classname="edu.cmu.sphinx.frontend.NonSpeechDataFilterTest"/>
  <testcase name="testOneSpeechRegion on NonSpeechDataFilterTest" time="0.0" classname="edu.cmu.sphinx.frontend.NonSpeechDataFilterTest"/>
  <testcase name="testPartitionOrders" time="0.14" classname="edu.cmu.sphinx.decoder.search.test.PartitionerTest"/>
  <testcase name="testPartitionSizes" time="0.031" classname="edu.cmu.sphinx.decoder.search.test.PartitionerTest"/>
  <testcase name="testPosterior" time="0.0" classname="edu.cmu.sphinx.result.PosteriorTest"/>
  <testcase name="testProject" time="0.016" classname="edu.cmu.sphinx.fst.ProjectTest"/>
  <testcase name="testReverse" time="0.0" classname="edu.cmu.sphinx.fst.ReverseTest"/>
  <testcase name="testRmEpsilon" time="0.016" classname="edu.cmu.sphinx.fst.RmEpsilonTest"/>
  <testcase name="shouldAlignText" time="0.015" classname="edu.cmu.sphinx.alignment.SpeechAlignerTest"/>
  <testcase name="testEndWithoutSilence on SpeechMarkerTest" time="0.0" classname="edu.cmu.sphinx.frontend.SpeechMarkerTest"/>
  <testcase name="testDynamicConfCreationWithoutDefaultProperty" time="0.0" classname="edu.cmu.sphinx.util.props.TestConfigurable"/>
  <testcase name="testNullStringProperty" time="0.0" classname="edu.cmu.sphinx.util.props.TestConfigurable"/>
  <testcase name="testPropSheetFromConfigurableInstance" time="0.0" classname="edu.cmu.sphinx.util.props.TestConfigurable"/>
  <testcase name="align" time="0.0" classname="edu.cmu.sphinx.alignment.TextAlignerSmallTest"/>
  <testcase name="align" time="0.0" classname="edu.cmu.sphinx.alignment.TextAlignerSmallTest"/>
  <testcase name="align" time="0.0" classname="edu.cmu.sphinx.alignment.TextAlignerSmallTest"/>
  <testcase name="align" time="0.0" classname="edu.cmu.sphinx.alignment.TextAlignerSmallTest"/>
  <testcase name="textToWords" time="0.015" classname="edu.cmu.sphinx.alignment.UsEnglishWordExpanderTest"/>
  <testcase name="textToWords" time="0.016" classname="edu.cmu.sphinx.alignment.UsEnglishWordExpanderTest"/>
  <testcase name="textToWords" time="0.016" classname="edu.cmu.sphinx.alignment.UsEnglishWordExpanderTest"/>
  <testcase name="textToWords" time="0.0" classname="edu.cmu.sphinx.alignment.UsEnglishWordExpanderTest"/>
  <testcase name="textToWords" time="0.0" classname="edu.cmu.sphinx.alignment.UsEnglishWordExpanderTest"/>
  <testcase name="textToWords" time="0.0" classname="edu.cmu.sphinx.alignment.UsEnglishWordExpanderTest"/>
  <testcase name="textToWords" time="0.0" classname="edu.cmu.sphinx.alignment.UsEnglishWordExpanderTest"/>
  <testcase name="textToWords" time="0.0" classname="edu.cmu.sphinx.alignment.UsEnglishWordExpanderTest"/>
  <testcase name="textToWords" time="0.0" classname="edu.cmu.sphinx.alignment.UsEnglishWordExpanderTest"/>
  <testcase name="textToWords" time="0.0" classname="edu.cmu.sphinx.alignment.UsEnglishWordExpanderTest"/>
  <testcase name="textToWords" time="0.0" classname="edu.cmu.sphinx.alignment.UsEnglishWordExpanderTest"/>
  <testcase name="textToWords" time="0.0" classname="edu.cmu.sphinx.alignment.UsEnglishWordExpanderTest"/>
  <testcase name="textToWords" time="0.0" classname="edu.cmu.sphinx.alignment.UsEnglishWordExpanderTest"/>
  <testcase name="textToWords" time="0.0" classname="edu.cmu.sphinx.alignment.UsEnglishWordExpanderTest"/>
  <testcase name="textToWords" time="0.0" classname="edu.cmu.sphinx.alignment.UsEnglishWordExpanderTest"/>
  <testcase name="textToWords" time="0.0" classname="edu.cmu.sphinx.alignment.UsEnglishWordExpanderTest"/>
  <testcase name="textToWords" time="0.0" classname="edu.cmu.sphinx.alignment.UsEnglishWordExpanderTest"/>
  <testcase name="textToWords" time="0.0" classname="edu.cmu.sphinx.alignment.UsEnglishWordExpanderTest"/>
  <testcase name="textToWords" time="0.0" classname="edu.cmu.sphinx.alignment.UsEnglishWordExpanderTest"/>
  <testcase name="textToWords" time="0.0" classname="edu.cmu.sphinx.alignment.UsEnglishWordExpanderTest"/>
  <testcase name="textToWords" time="0.0" classname="edu.cmu.sphinx.alignment.UsEnglishWordExpanderTest"/>
  <testcase name="textToWords" time="0.0" classname="edu.cmu.sphinx.alignment.UsEnglishWordExpanderTest"/>
  <testcase name="textToWords" time="0.0" classname="edu.cmu.sphinx.alignment.UsEnglishWordExpanderTest"/>
  <testcase name="textToWords" time="0.0" classname="edu.cmu.sphinx.alignment.UsEnglishWordExpanderTest"/>
  <testcase name="textToWords" time="0.0" classname="edu.cmu.sphinx.alignment.UsEnglishWordExpanderTest"/>
  <testcase name="textToWords" time="0.0" classname="edu.cmu.sphinx.alignment.UsEnglishWordExpanderTest"/>
  <testcase name="textToWords" time="0.015" classname="edu.cmu.sphinx.alignment.UsEnglishWordExpanderTest"/>
  <testcase name="textToWords" time="0.0" classname="edu.cmu.sphinx.alignment.UsEnglishWordExpanderTest"/>
  <testcase name="textToWords" time="0.0" classname="edu.cmu.sphinx.alignment.UsEnglishWordExpanderTest"/>
  <testcase name="textToWords" time="0.0" classname="edu.cmu.sphinx.alignment.UsEnglishWordExpanderTest"/>
  <testcase name="textToWords" time="0.0" classname="edu.cmu.sphinx.alignment.UsEnglishWordExpanderTest"/>
  <testcase name="textToWords" time="0.0" classname="edu.cmu.sphinx.alignment.UsEnglishWordExpanderTest"/>
  <testcase name="comparison" time="0.0" classname="edu.cmu.sphinx.linguist.WordSequenceTest"/>
  <testcase name="equals" time="0.0" classname="edu.cmu.sphinx.linguist.WordSequenceTest"/>
  <testcase name="getNewest" time="0.0" classname="edu.cmu.sphinx.linguist.WordSequenceTest"/>
  <testcase name="getOldest" time="0.0" classname="edu.cmu.sphinx.linguist.WordSequenceTest"/>
  <testcase name="unknownWords" time="0.0" classname="edu.cmu.sphinx.linguist.WordSequenceTest"/>
</testsuite> <!-- Command line test -->
